Crashlog created at 2016-11-19 17:50:14 +0530

===== MESSAGE:

RuntimeError: Could not parse YAML for content/2016-12.html: (<unknown>): did not find expected key while parsing a block mapping at line 2 column 1

===== COMPILATION STACK:

  (empty)

===== STACK TRACE:

  0. /Users/abinayav/.rvm/gems/ruby-2.2.0/gems/nanoc-3.6.5/lib/nanoc/data_sources/filesystem.rb:266:in `rescue in parse'
  1. /Users/abinayav/.rvm/gems/ruby-2.2.0/gems/nanoc-3.6.5/lib/nanoc/data_sources/filesystem.rb:263:in `parse'
  2. /Users/abinayav/.rvm/gems/ruby-2.2.0/gems/nanoc-3.6.5/lib/nanoc/data_sources/filesystem.rb:89:in `block in load_objects'
  3. /Users/abinayav/.rvm/gems/ruby-2.2.0/gems/nanoc-3.6.5/lib/nanoc/data_sources/filesystem.rb:78:in `each'
  4. /Users/abinayav/.rvm/gems/ruby-2.2.0/gems/nanoc-3.6.5/lib/nanoc/data_sources/filesystem.rb:78:in `map'
  5. /Users/abinayav/.rvm/gems/ruby-2.2.0/gems/nanoc-3.6.5/lib/nanoc/data_sources/filesystem.rb:78:in `load_objects'
  6. /Users/abinayav/.rvm/gems/ruby-2.2.0/gems/nanoc-3.6.5/lib/nanoc/data_sources/filesystem.rb:37:in `items'
  7. /Users/abinayav/.rvm/gems/ruby-2.2.0/gems/nanoc-3.6.5/lib/nanoc/base/source_data/site.rb:325:in `block in load_items'
  8. /Users/abinayav/.rvm/gems/ruby-2.2.0/gems/nanoc-3.6.5/lib/nanoc/base/source_data/site.rb:324:in `each'
  9. /Users/abinayav/.rvm/gems/ruby-2.2.0/gems/nanoc-3.6.5/lib/nanoc/base/source_data/site.rb:324:in `load_items'
  10. /Users/abinayav/.rvm/gems/ruby-2.2.0/gems/nanoc-3.6.5/lib/nanoc/base/source_data/site.rb:243:in `load'
  11. /Users/abinayav/.rvm/gems/ruby-2.2.0/gems/nanoc-3.6.5/lib/nanoc/base/source_data/site.rb:127:in `layouts'
  12. /Users/abinayav/.rvm/gems/ruby-2.2.0/gems/nanoc-3.6.5/lib/nanoc/base/compilation/compiler.rb:187:in `dependency_tracker'
  13. /Users/abinayav/.rvm/gems/ruby-2.2.0/gems/nanoc-3.6.5/lib/nanoc/base/memoization.rb:56:in `block in memoize'
  14. /Users/abinayav/.rvm/gems/ruby-2.2.0/gems/nanoc-3.6.5/lib/nanoc/base/compilation/compiler.rb:457:in `stores'
  15. /Users/abinayav/.rvm/gems/ruby-2.2.0/gems/nanoc-3.6.5/lib/nanoc/base/compilation/compiler.rb:146:in `unload'
  16. /Users/abinayav/.rvm/gems/ruby-2.2.0/gems/nanoc-3.6.5/lib/nanoc/base/source_data/site.rb:274:in `unload'
  17. /Users/abinayav/.rvm/gems/ruby-2.2.0/gems/nanoc-3.6.5/lib/nanoc/base/source_data/site.rb:254:in `rescue in load'
  18. /Users/abinayav/.rvm/gems/ruby-2.2.0/gems/nanoc-3.6.5/lib/nanoc/base/source_data/site.rb:258:in `load'
  19. /Users/abinayav/.rvm/gems/ruby-2.2.0/gems/nanoc-3.6.5/lib/nanoc/cli/command_runner.rb:63:in `load_site'
  20. /Users/abinayav/.rvm/gems/ruby-2.2.0/gems/nanoc-3.6.5/lib/nanoc/cli/commands/compile.rb:358:in `run'
  21. /Users/abinayav/.rvm/gems/ruby-2.2.0/gems/nanoc-3.6.5/lib/nanoc/cli/command_runner.rb:14:in `block in call'
  22. /Users/abinayav/.rvm/gems/ruby-2.2.0/gems/nanoc-3.6.5/lib/nanoc/cli/error_handler.rb:70:in `handle_while'
  23. /Users/abinayav/.rvm/gems/ruby-2.2.0/gems/nanoc-3.6.5/lib/nanoc/cli/error_handler.rb:26:in `handle_while'
  24. /Users/abinayav/.rvm/gems/ruby-2.2.0/gems/nanoc-3.6.5/lib/nanoc/cli/command_runner.rb:13:in `call'
  25. /Users/abinayav/.rvm/gems/ruby-2.2.0/gems/cri-2.4.0/lib/cri/command_dsl.rb:185:in `block in runner'
  26. /Users/abinayav/.rvm/gems/ruby-2.2.0/gems/cri-2.4.0/lib/cri/command.rb:296:in `call'
  27. /Users/abinayav/.rvm/gems/ruby-2.2.0/gems/cri-2.4.0/lib/cri/command.rb:296:in `run_this'
  28. /Users/abinayav/.rvm/gems/ruby-2.2.0/gems/cri-2.4.0/lib/cri/command.rb:249:in `run'
  29. /Users/abinayav/.rvm/gems/ruby-2.2.0/gems/nanoc-3.6.5/lib/nanoc/cli/commands/nanoc.rb:39:in `block in define'
  30. /Users/abinayav/.rvm/gems/ruby-2.2.0/gems/cri-2.4.0/lib/cri/command.rb:296:in `call'
  31. /Users/abinayav/.rvm/gems/ruby-2.2.0/gems/cri-2.4.0/lib/cri/command.rb:296:in `run_this'
  32. /Users/abinayav/.rvm/gems/ruby-2.2.0/gems/cri-2.4.0/lib/cri/command.rb:249:in `run'
  33. /Users/abinayav/.rvm/gems/ruby-2.2.0/gems/nanoc-3.6.5/lib/nanoc/cli.rb:52:in `block in run'
  34. /Users/abinayav/.rvm/gems/ruby-2.2.0/gems/nanoc-3.6.5/lib/nanoc/cli/error_handler.rb:70:in `handle_while'
  35. /Users/abinayav/.rvm/gems/ruby-2.2.0/gems/nanoc-3.6.5/lib/nanoc/cli/error_handler.rb:26:in `handle_while'
  36. /Users/abinayav/.rvm/gems/ruby-2.2.0/gems/nanoc-3.6.5/lib/nanoc/cli.rb:50:in `run'
  37. /Users/abinayav/.rvm/gems/ruby-2.2.0/gems/nanoc-3.6.5/bin/nanoc:19:in `<top (required)>'
  38. /Users/abinayav/.rvm/gems/ruby-2.2.0/bin/nanoc:23:in `load'
  39. /Users/abinayav/.rvm/gems/ruby-2.2.0/bin/nanoc:23:in `<main>'
  40. /Users/abinayav/.rvm/gems/ruby-2.2.0/bin/ruby_executable_hooks:15:in `eval'
  ... 43 more lines omitted. See full crash log for details.

===== VERSION INFORMATION:

nanoc 3.6.5 © 2007-2013 Denis Defreyne.
Running ruby 2.2.0 (2014-12-25) on x86_64-darwin14 with RubyGems 2.4.6.

===== SYSTEM INFORMATION:

Darwin INabinayab.local 15.6.0 Darwin Kernel Version 15.6.0: Thu Jun 23 18:25:34 PDT 2016; root:xnu-3248.60.10~1/RELEASE_X86_64 x86_64

===== INSTALLED GEMS:

  activesupport 4.0.0
  adsf 1.1.1
  atomic 1.1.14
  bourbon 3.2.3
  bundler 1.9.1
  coderay 1.0.9
  colored 1.2
  cri 2.4.0
  ffi 1.9.0
  formatador 0.2.4
  guard 1.8.3
  guard-nanoc 1.0.1
  i18n 0.6.5
  listen 1.3.1
  lumberjack 1.0.4
  method_source 0.8.2
  minitest 4.7.5
  multi_json 1.8.1
  nanoc 3.6.5
  pry 0.9.12.2
  rack 1.5.2
  rb-fsevent 0.9.3
  rb-inotify 0.9.2
  rb-kqueue 0.2.0
  sass 3.2.12
  slop 3.4.6
  terminal-notifier-guard 1.5.3
  thor 0.18.1
  thread_safe 0.1.3
  tzinfo 0.3.38

===== ENVIRONMENT:

Apple_PubSub_Socket_Render => "/private/tmp/com.apple.launchd.PsbIHF3oVL/Render"
BUNDLE_BIN_PATH => "/Users/abinayav/.rvm/gems/ruby-2.2.0@global/gems/bundler-1.9.1/bin/bundle"
BUNDLE_GEMFILE => "/Users/abinayav/vodqa-cbe/vodqa/Gemfile"
BUNDLE_ORIG_MANPATH => "/Users/abinayav/.nvm/versions/node/v5.9.1/share/man:/usr/share/man:/usr/local/share/man:/opt/X11/share/man:/usr/local/git/share/man:/Users/abinayav/.rvm/rubies/ruby-2.2.0/share/man:/Users/abinayav/.rvm/share/man:/Applications/Xcode.app/Contents/Developer/Platforms/MacOSX.platform/Developer/SDKs/MacOSX10.10.sdk/usr/share/man:/Applications/Xcode.app/Contents/Developer/usr/share/man:/Applications/Xcode.app/Contents/Developer/Toolchains/XcodeDefault.xctoolchain/usr/share/man"
COLORFGBG => "7;0"
DISPLAY => "/private/tmp/com.apple.launchd.pzmCjjYZWK/org.macosforge.xquartz:0"
GEM_HOME => "/Users/abinayav/.rvm/gems/ruby-2.2.0"
GEM_PATH => "/Users/abinayav/.rvm/gems/ruby-2.2.0:/Users/abinayav/.rvm/gems/ruby-2.2.0@global"
GOPATH => "/Users/abinayav/JusTickets"
HOME => "/Users/abinayav"
IRBRC => "/Users/abinayav/.rvm/rubies/ruby-2.2.0/.irbrc"
LC_CTYPE => "UTF-8"
LESS => "-R"
LOGNAME => "abinayav"
LSCOLORS => "Gxfxcxdxbxegedabagacad"
MANPATH => "/Users/abinayav/.nvm/versions/node/v5.9.1/share/man:/usr/share/man:/usr/local/share/man:/opt/X11/share/man:/usr/local/git/share/man:/Users/abinayav/.rvm/rubies/ruby-2.2.0/share/man:/Users/abinayav/.rvm/share/man:/Applications/Xcode.app/Contents/Developer/Platforms/MacOSX.platform/Developer/SDKs/MacOSX10.10.sdk/usr/share/man:/Applications/Xcode.app/Contents/Developer/usr/share/man:/Applications/Xcode.app/Contents/Developer/Toolchains/XcodeDefault.xctoolchain/usr/share/man"
MY_RUBY_HOME => "/Users/abinayav/.rvm/rubies/ruby-2.2.0"
NVM_BIN => "/Users/abinayav/.nvm/versions/node/v5.9.1/bin"
NVM_CD_FLAGS => "-q"
NVM_DIR => "/Users/abinayav/.nvm"
NVM_IOJS_ORG_MIRROR => "https://iojs.org/dist"
NVM_NODEJS_ORG_MIRROR => "https://nodejs.org/dist"
NVM_PATH => "/Users/abinayav/.nvm/versions/node/v5.9.1/lib/node"
OLDPWD => "/Users/abinayav/vodqa-cbe"
PAGER => "less"
PATH => "/Users/abinayav/.rvm/gems/ruby-2.2.0/bin:/Users/abinayav/.rvm/gems/ruby-2.2.0@global/bin:/Users/abinayav/.rvm/rubies/ruby-2.2.0/bin:/Users/abinayav/.nvm/versions/node/v5.9.1/bin:/usr/bin:/bin:/usr/sbin:/sbin:/usr/local/bin:/opt/X11/bin:/usr/local/git/bin:/usr/local/go/bin:/Users/abinayav/.rvm/gems/ruby-2.2.0@test/bin:/Users/abinayav/.rvm/bin:/Users/abinayav/Documents/Installables/play-2.1.5:/Users/abinayav/JusTickets/bin"
PWD => "/Users/abinayav/vodqa-cbe/vodqa"
RUBYLIB => "/Users/abinayav/.rvm/gems/ruby-2.2.0@global/gems/bundler-1.9.1/lib"
RUBYOPT => "-rbundler/setup"
SHELL => "/bin/zsh"
SHLVL => "1"
SSH_AUTH_SOCK => "/private/tmp/com.apple.launchd.Tjser3oiBU/Listeners"
TERM => "xterm"
TERM_PROGRAM => "iTerm.app"
TMPDIR => "/var/folders/2c/zsx9hspn2bnfygfppr8vppjh0000gq/T/"
USER => "abinayav"
XPC_FLAGS => "0x0"
XPC_SERVICE_NAME => "0"
ZSH => "/Users/abinayav/.oh-my-zsh"
_ => "/Users/abinayav/.rvm/gems/ruby-2.2.0/bin/nanoc"
_ORIGINAL_GEM_PATH => "/Users/abinayav/.rvm/gems/ruby-2.2.0:/Users/abinayav/.rvm/gems/ruby-2.2.0@global"
__CF_USER_TEXT_ENCODING => "0x1F7:0x0:0x0"
_system_arch => "x86_64"
_system_name => "OSX"
_system_type => "Darwin"
_system_version => "10.11"
rvm_alias_expanded => ""
rvm_bin_flag => ""
rvm_bin_path => "/Users/abinayav/.rvm/bin"
rvm_docs_type => ""
rvm_gemstone_package_file => ""
rvm_gemstone_url => ""
rvm_hook => ""
rvm_niceness => ""
rvm_nightly_flag => ""
rvm_only_path_flag => ""
rvm_path => "/Users/abinayav/.rvm"
rvm_prefix => "/Users/abinayav"
rvm_proxy => ""
rvm_quiet_flag => ""
rvm_ruby_bits => ""
rvm_ruby_file => ""
rvm_ruby_make => ""
rvm_ruby_make_install => ""
rvm_ruby_mode => ""
rvm_script_name => ""
rvm_sdk => ""
rvm_silent_flag => ""
rvm_use_flag => ""
rvm_version => "1.26.11 (latest)"
rvm_wrapper_name => ""

===== GEMFILE.LOCK:

GEM
  remote: https://rubygems.org/
  specs:
    activesupport (4.0.0)
      i18n (~> 0.6, >= 0.6.4)
      minitest (~> 4.2)
      multi_json (~> 1.3)
      thread_safe (~> 0.1)
      tzinfo (~> 0.3.37)
    adsf (1.1.1)
      rack (>= 1.0.0)
    atomic (1.1.14)
    bourbon (3.2.3)
      sass (~> 3.2)
      thor
    coderay (1.0.9)
    colored (1.2)
    cri (2.4.0)
      colored (>= 1.2)
    ffi (1.9.0)
    formatador (0.2.4)
    guard (1.8.3)
      formatador (>= 0.2.4)
      listen (~> 1.3)
      lumberjack (>= 1.0.2)
      pry (>= 0.9.10)
      thor (>= 0.14.6)
    guard-nanoc (1.0.1)
      guard (>= 1.8.0)
      nanoc (>= 3.6.3)
    i18n (0.6.5)
    listen (1.3.1)
      rb-fsevent (>= 0.9.3)
      rb-inotify (>= 0.9)
      rb-kqueue (>= 0.2)
    lumberjack (1.0.4)
    method_source (0.8.2)
    minitest (4.7.5)
    multi_json (1.8.1)
    nanoc (3.6.5)
      cri (~> 2.3)
    pry (0.9.12.2)
      coderay (~> 1.0.5)
      method_source (~> 0.8)
      slop (~> 3.4)
    rack (1.5.2)
    rb-fsevent (0.9.3)
    rb-inotify (0.9.2)
      ffi (>= 0.5.0)
    rb-kqueue (0.2.0)
      ffi (>= 0.5.0)
    sass (3.2.12)
    slop (3.4.6)
    terminal-notifier-guard (1.5.3)
    thor (0.18.1)
    thread_safe (0.1.3)
      atomic
    tzinfo (0.3.38)

PLATFORMS
  ruby

DEPENDENCIES
  activesupport (~> 4.0.0)
  adsf (~> 1.1.1)
  bourbon (~> 3.2.3)
  guard-nanoc (~> 1.0.0)
  listen (~> 1.3.1)
  multi_json (~> 1.8.0)
  nanoc (~> 3.6.5)
  sass (~> 3.2.12)
  terminal-notifier-guard (~> 1.5.3)

===== LOAD PATHS:

  0. /Users/abinayav/.rvm/gems/ruby-2.2.0/gems/nanoc-3.6.5/lib
  1. /Users/abinayav/.rvm/gems/ruby-2.2.0/gems/terminal-notifier-guard-1.5.3/lib
  2. /Users/abinayav/.rvm/gems/ruby-2.2.0/gems/guard-nanoc-1.0.1/lib
  3. /Users/abinayav/.rvm/gems/ruby-2.2.0/gems/nanoc-3.6.5/lib
  4. /Users/abinayav/.rvm/gems/ruby-2.2.0/gems/guard-1.8.3/lib
  5. /Users/abinayav/.rvm/gems/ruby-2.2.0/gems/pry-0.9.12.2/lib
  6. /Users/abinayav/.rvm/gems/ruby-2.2.0/gems/slop-3.4.6/lib
  7. /Users/abinayav/.rvm/gems/ruby-2.2.0/gems/method_source-0.8.2/lib
  8. /Users/abinayav/.rvm/gems/ruby-2.2.0/gems/lumberjack-1.0.4/lib
  9. /Users/abinayav/.rvm/gems/ruby-2.2.0/gems/listen-1.3.1/lib
  10. /Users/abinayav/.rvm/gems/ruby-2.2.0/gems/rb-kqueue-0.2.0/lib
  11. /Users/abinayav/.rvm/gems/ruby-2.2.0/gems/rb-inotify-0.9.2/lib
  12. /Users/abinayav/.rvm/gems/ruby-2.2.0/gems/rb-fsevent-0.9.3/lib
  13. /Users/abinayav/.rvm/gems/ruby-2.2.0/gems/formatador-0.2.4/lib
  14. /Users/abinayav/.rvm/gems/ruby-2.2.0/gems/ffi-1.9.0/lib
  15. /Users/abinayav/.rvm/gems/ruby-2.2.0/gems/ffi-1.9.0/ext/ffi_c
  16. /Users/abinayav/.rvm/gems/ruby-2.2.0/extensions/x86_64-darwin-14/2.2.0-static/ffi-1.9.0
  17. /Users/abinayav/.rvm/gems/ruby-2.2.0/gems/cri-2.4.0/lib
  18. /Users/abinayav/.rvm/gems/ruby-2.2.0/gems/colored-1.2/lib
  19. /Users/abinayav/.rvm/gems/ruby-2.2.0/gems/coderay-1.0.9/lib
  20. /Users/abinayav/.rvm/gems/ruby-2.2.0/gems/bourbon-3.2.3/lib
  21. /Users/abinayav/.rvm/gems/ruby-2.2.0/gems/thor-0.18.1/lib
  22. /Users/abinayav/.rvm/gems/ruby-2.2.0/gems/sass-3.2.12/lib
  23. /Users/abinayav/.rvm/gems/ruby-2.2.0/gems/adsf-1.1.1/lib
  24. /Users/abinayav/.rvm/gems/ruby-2.2.0/gems/rack-1.5.2/lib
  25. /Users/abinayav/.rvm/gems/ruby-2.2.0/gems/activesupport-4.0.0/lib
  26. /Users/abinayav/.rvm/gems/ruby-2.2.0/gems/tzinfo-0.3.38/lib
  27. /Users/abinayav/.rvm/gems/ruby-2.2.0/gems/thread_safe-0.1.3/lib
  28. /Users/abinayav/.rvm/gems/ruby-2.2.0/gems/atomic-1.1.14/lib
  29. /Users/abinayav/.rvm/gems/ruby-2.2.0/extensions/x86_64-darwin-14/2.2.0-static/atomic-1.1.14
  30. /Users/abinayav/.rvm/gems/ruby-2.2.0/gems/multi_json-1.8.1/lib
  31. /Users/abinayav/.rvm/gems/ruby-2.2.0/gems/minitest-4.7.5/lib
  32. /Users/abinayav/.rvm/gems/ruby-2.2.0/gems/i18n-0.6.5/lib
  33. /Users/abinayav/.rvm/gems/ruby-2.2.0@global/gems/bundler-1.9.1/lib
  34. /Users/abinayav/.rvm/rubies/ruby-2.2.0/lib/ruby/site_ruby/2.2.0
  35. /Users/abinayav/.rvm/rubies/ruby-2.2.0/lib/ruby/site_ruby/2.2.0/x86_64-darwin14
  36. /Users/abinayav/.rvm/rubies/ruby-2.2.0/lib/ruby/site_ruby
  37. /Users/abinayav/.rvm/rubies/ruby-2.2.0/lib/ruby/vendor_ruby/2.2.0
  38. /Users/abinayav/.rvm/rubies/ruby-2.2.0/lib/ruby/vendor_ruby/2.2.0/x86_64-darwin14
  39. /Users/abinayav/.rvm/rubies/ruby-2.2.0/lib/ruby/vendor_ruby
  40. /Users/abinayav/.rvm/rubies/ruby-2.2.0/lib/ruby/2.2.0
  41. /Users/abinayav/.rvm/rubies/ruby-2.2.0/lib/ruby/2.2.0/x86_64-darwin14
